# JRE version: OpenJDK Runtime Environment Temurin-17.0.13+11 (17.0.13+11) (build 17.0.13+11)
# Java VM: OpenJDK 64-Bit Server VM Temurin-17.0.13+11 (17.0.13+11, mixed mode, sharing, tiered, compressed oops, compressed class ptrs, g1 gc, windows-amd64)
GC Precious Log:
 CPUs: 8 total, 8 available
 Memory: 16262M
 Large Page Support: Disabled
 NUMA Support: Disabled
 Compressed Oops: Enabled (Zero based)
 Heap Region Size: 2M
 Heap Min Capacity: 8M
 Heap Initial Capacity: 256M
 Heap Max Capacity: 4066M
 Pre-touch: Disabled
 Parallel Workers: 8
 Concurrent Workers: 2
 Concurrent Refinement Workers: 8
 Periodic GC: Disabled
Heap:
 garbage-first heap   total 362496K, used 146348K [0x0000000701e00000, 0x0000000800000000)
  region size 2048K, 3 young (6144K), 3 survivors (6144K)
 Metaspace       used 125849K, committed 127744K, reserved 1179648K
  class space    used 17659K, committed 18560K, reserved 1048576K
GC Heap History (20 events):
Event: 5195.223 GC heap after
{Heap after GC invocations=100 (full 22):
 garbage-first heap   total 362496K, used 123746K [0x0000000701e00000, 0x0000000800000000)
  region size 2048K, 0 young (0K), 0 survivors (0K)
 Metaspace       used 116547K, committed 118400K, reserved 1179648K
  class space    used 16331K, committed 17152K, reserved 1048576K
}
Event: 5219.264 GC heap before
{Heap before GC invocations=100 (full 22):
 garbage-first heap   total 362496K, used 289634K [0x0000000701e00000, 0x0000000800000000)
  region size 2048K, 81 young (165888K), 0 survivors (0K)
 Metaspace       used 117843K, committed 119552K, reserved 1179648K
  class space    used 16509K, committed 17344K, reserved 1048576K
}
Event: 5219.272 GC heap after
{Heap after GC invocations=101 (full 22):
 garbage-first heap   total 362496K, used 129340K [0x0000000701e00000, 0x0000000800000000)
  region size 2048K, 3 young (6144K), 3 survivors (6144K)
 Metaspace       used 117843K, committed 119552K, reserved 1179648K
  class space    used 16509K, committed 17344K, reserved 1048576K
}
Event: 5501.128 GC heap before
{Heap before GC invocations=101 (full 22):
 garbage-first heap   total 362496K, used 289084K [0x0000000701e00000, 0x0000000800000000)
  region size 2048K, 82 young (167936K), 3 survivors (6144K)
 Metaspace       used 119110K, committed 120832K, reserved 1179648K
  class space    used 16683K, committed 17536K, reserved 1048576K
}
Event: 5501.137 GC heap after
{Heap after GC invocations=102 (full 22):
 garbage-first heap   total 362496K, used 134234K [0x0000000701e00000, 0x0000000800000000)
  region size 2048K, 6 young (12288K), 6 survivors (12288K)
 Metaspace       used 119110K, committed 120832K, reserved 1179648K
  class space    used 16683K, committed 17536K, reserved 1048576K
}
Event: 5502.237 GC heap before
{Heap before GC invocations=102 (full 22):
 garbage-first heap   total 362496K, used 169050K [0x0000000701e00000, 0x0000000800000000)
  region size 2048K, 24 young (49152K), 6 survivors (12288K)
 Metaspace       used 119971K, committed 121664K, reserved 1179648K
  class space    used 16799K, committed 17600K, reserved 1048576K
}
Event: 5502.426 GC heap after
{Heap after GC invocations=103 (full 23):
 garbage-first heap   total 362496K, used 132060K [0x0000000701e00000, 0x0000000800000000)
  region size 2048K, 0 young (0K), 0 survivors (0K)
 Metaspace       used 119811K, committed 121600K, reserved 1179648K
  class space    used 16787K, committed 17600K, reserved 1048576K
}
Event: 5505.291 GC heap before
{Heap before GC invocations=103 (full 23):
 garbage-first heap   total 362496K, used 291804K [0x0000000701e00000, 0x0000000800000000)
  region size 2048K, 79 young (161792K), 0 survivors (0K)
 Metaspace       used 121082K, committed 122816K, reserved 1179648K
  class space    used 16964K, committed 17792K, reserved 1048576K
}
Event: 5505.295 GC heap after
{Heap after GC invocations=104 (full 23):
 garbage-first heap   total 362496K, used 137879K [0x0000000701e00000, 0x0000000800000000)
  region size 2048K, 3 young (6144K), 3 survivors (6144K)
 Metaspace       used 121082K, committed 122816K, reserved 1179648K
  class space    used 16964K, committed 17792K, reserved 1048576K
}
Event: 5505.634 GC heap before
{Heap before GC invocations=104 (full 23):
 garbage-first heap   total 362496K, used 158359K [0x0000000701e00000, 0x0000000800000000)
  region size 2048K, 14 young (28672K), 3 survivors (6144K)
 Metaspace       used 121579K, committed 123328K, reserved 1179648K
  class space    used 17031K, committed 17856K, reserved 1048576K
}
Event: 5505.803 GC heap after
{Heap after GC invocations=105 (full 24):
 garbage-first heap   total 362496K, used 135312K [0x0000000701e00000, 0x0000000800000000)
  region size 2048K, 0 young (0K), 0 survivors (0K)
 Metaspace       used 121420K, committed 123264K, reserved 1179648K
  class space    used 17019K, committed 17856K, reserved 1048576K
}
Event: 5509.059 GC heap before
{Heap before GC invocations=105 (full 24):
 garbage-first heap   total 362496K, used 297104K [0x0000000701e00000, 0x0000000800000000)
  region size 2048K, 79 young (161792K), 0 survivors (0K)
 Metaspace       used 122679K, committed 124480K, reserved 1179648K
  class space    used 17195K, committed 18048K, reserved 1048576K
}
Event: 5509.063 GC heap after
{Heap after GC invocations=106 (full 24):
 garbage-first heap   total 362496K, used 140416K [0x0000000701e00000, 0x0000000800000000)
  region size 2048K, 3 young (6144K), 3 survivors (6144K)
 Metaspace       used 122679K, committed 124480K, reserved 1179648K
  class space    used 17195K, committed 18048K, reserved 1048576K
}
Event: 5509.308 GC heap before
{Heap before GC invocations=106 (full 24):
 garbage-first heap   total 362496K, used 152704K [0x0000000701e00000, 0x0000000800000000)
  region size 2048K, 10 young (20480K), 3 survivors (6144K)
 Metaspace       used 123178K, committed 124928K, reserved 1179648K
  class space    used 17263K, committed 18112K, reserved 1048576K
}
Event: 5509.469 GC heap after
{Heap after GC invocations=107 (full 25):
 garbage-first heap   total 362496K, used 138652K [0x0000000701e00000, 0x0000000800000000)
  region size 2048K, 0 young (0K), 0 survivors (0K)
 Metaspace       used 123018K, committed 124864K, reserved 1179648K
  class space    used 17251K, committed 18112K, reserved 1048576K
}
Event: 5530.945 GC heap before
{Heap before GC invocations=107 (full 25):
 garbage-first heap   total 362496K, used 298396K [0x0000000701e00000, 0x0000000800000000)
  region size 2048K, 78 young (159744K), 0 survivors (0K)
 Metaspace       used 124262K, committed 126144K, reserved 1179648K
  class space    used 17427K, committed 18304K, reserved 1048576K
}
Event: 5530.952 GC heap after
{Heap after GC invocations=108 (full 25):
 garbage-first heap   total 362496K, used 143585K [0x0000000701e00000, 0x0000000800000000)
  region size 2048K, 3 young (6144K), 3 survivors (6144K)
 Metaspace       used 124262K, committed 126144K, reserved 1179648K
  class space    used 17427K, committed 18304K, reserved 1048576K
}
Event: 5531.299 GC heap before
{Heap before GC invocations=108 (full 25):
 garbage-first heap   total 362496K, used 159969K [0x0000000701e00000, 0x0000000800000000)
  region size 2048K, 12 young (24576K), 3 survivors (6144K)
 Metaspace       used 124762K, committed 126656K, reserved 1179648K
  class space    used 17495K, committed 18368K, reserved 1048576K
}
Event: 5531.466 GC heap after
{Heap after GC invocations=109 (full 26):
 garbage-first heap   total 362496K, used 141329K [0x0000000701e00000, 0x0000000800000000)
  region size 2048K, 0 young (0K), 0 survivors (0K)
 Metaspace       used 124603K, committed 126528K, reserved 1179648K
  class space    used 17483K, committed 18368K, reserved 1048576K
}
Event: 5534.283 GC heap before
{Heap before GC invocations=109 (full 26):
 garbage-first heap   total 362496K, used 299025K [0x0000000701e00000, 0x0000000800000000)
  region size 2048K, 77 young (157696K), 0 survivors (0K)
 Metaspace       used 125849K, committed 127744K, reserved 1179648K
  class space    used 17659K, committed 18560K, reserved 1048576K
}

