# JRE version: OpenJDK Runtime Environment Temurin-17.0.13+11 (17.0.13+11) (build 17.0.13+11)
# Java VM: OpenJDK 64-Bit Server VM Temurin-17.0.13+11 (17.0.13+11, mixed mode, sharing, tiered, compressed oops, compressed class ptrs, g1 gc, windows-amd64)
GC Precious Log:
 CPUs: 8 total, 8 available
 Memory: 16262M
 Large Page Support: Disabled
 NUMA Support: Disabled
 Compressed Oops: Enabled (Zero based)
 Heap Region Size: 2M
 Heap Min Capacity: 8M
 Heap Initial Capacity: 256M
 Heap Max Capacity: 4066M
 Pre-touch: Disabled
 Parallel Workers: 8
 Concurrent Workers: 2
 Concurrent Refinement Workers: 8
 Periodic GC: Disabled
Heap:
 garbage-first heap   total 327680K, used 103088K [0x0000000701e00000, 0x0000000800000000)
  region size 2048K, 3 young (6144K), 3 survivors (6144K)
 Metaspace       used 102898K, committed 104192K, reserved 1179648K
  class space    used 14389K, committed 14976K, reserved 1048576K
GC Heap History (20 events):
Event: 93.075 GC heap after
{Heap after GC invocations=40 (full 4):
 garbage-first heap   total 233472K, used 81208K [0x0000000701e00000, 0x0000000800000000)
  region size 2048K, 1 young (2048K), 1 survivors (2048K)
 Metaspace       used 94093K, committed 95104K, reserved 1179648K
  class space    used 13144K, committed 13568K, reserved 1048576K
}
Event: 93.879 GC heap before
{Heap before GC invocations=40 (full 4):
 garbage-first heap   total 233472K, used 179512K [0x0000000701e00000, 0x0000000800000000)
  region size 2048K, 50 young (102400K), 1 survivors (2048K)
 Metaspace       used 95549K, committed 96512K, reserved 1179648K
  class space    used 13333K, committed 13760K, reserved 1048576K
}
Event: 93.954 GC heap after
{Heap after GC invocations=41 (full 5):
 garbage-first heap   total 233472K, used 82964K [0x0000000701e00000, 0x0000000800000000)
  region size 2048K, 0 young (0K), 0 survivors (0K)
 Metaspace       used 95549K, committed 96512K, reserved 1179648K
  class space    used 13333K, committed 13760K, reserved 1048576K
}
Event: 95.620 GC heap before
{Heap before GC invocations=41 (full 5):
 garbage-first heap   total 233472K, used 189460K [0x0000000701e00000, 0x0000000800000000)
  region size 2048K, 52 young (106496K), 0 survivors (0K)
 Metaspace       used 95582K, committed 96576K, reserved 1179648K
  class space    used 13335K, committed 13760K, reserved 1048576K
}
Event: 95.623 GC heap after
{Heap after GC invocations=42 (full 5):
 garbage-first heap   total 395264K, used 85143K [0x0000000701e00000, 0x0000000800000000)
  region size 2048K, 2 young (4096K), 2 survivors (4096K)
 Metaspace       used 95582K, committed 96576K, reserved 1179648K
  class space    used 13335K, committed 13760K, reserved 1048576K
}
Event: 96.931 GC heap before
{Heap before GC invocations=42 (full 5):
 garbage-first heap   total 395264K, used 183447K [0x0000000701e00000, 0x0000000800000000)
  region size 2048K, 51 young (104448K), 2 survivors (4096K)
 Metaspace       used 97894K, committed 98944K, reserved 1179648K
  class space    used 13701K, committed 14144K, reserved 1048576K
}
Event: 97.004 GC heap after
{Heap after GC invocations=43 (full 6):
 garbage-first heap   total 327680K, used 88770K [0x0000000701e00000, 0x0000000800000000)
  region size 2048K, 0 young (0K), 0 survivors (0K)
 Metaspace       used 97894K, committed 98944K, reserved 1179648K
  class space    used 13701K, committed 14144K, reserved 1048576K
}
Event: 100.128 GC heap before
{Heap before GC invocations=43 (full 6):
 garbage-first heap   total 327680K, used 264898K [0x0000000701e00000, 0x0000000800000000)
  region size 2048K, 87 young (178176K), 0 survivors (0K)
 Metaspace       used 99222K, committed 100288K, reserved 1179648K
  class space    used 13879K, committed 14336K, reserved 1048576K
}
Event: 100.133 GC heap after
{Heap after GC invocations=44 (full 6):
 garbage-first heap   total 327680K, used 94708K [0x0000000701e00000, 0x0000000800000000)
  region size 2048K, 3 young (6144K), 3 survivors (6144K)
 Metaspace       used 99222K, committed 100288K, reserved 1179648K
  class space    used 13879K, committed 14336K, reserved 1048576K
}
Event: 100.306 GC heap before
{Heap before GC invocations=45 (full 6):
 garbage-first heap   total 327680K, used 100852K [0x0000000701e00000, 0x0000000800000000)
  region size 2048K, 7 young (14336K), 3 survivors (6144K)
 Metaspace       used 99121K, committed 100288K, reserved 1179648K
  class space    used 13867K, committed 14336K, reserved 1048576K
}
Event: 100.389 GC heap after
{Heap after GC invocations=46 (full 7):
 garbage-first heap   total 327680K, used 91329K [0x0000000701e00000, 0x0000000800000000)
  region size 2048K, 0 young (0K), 0 survivors (0K)
 Metaspace       used 99121K, committed 100288K, reserved 1179648K
  class space    used 13867K, committed 14336K, reserved 1048576K
}
Event: 102.588 GC heap before
{Heap before GC invocations=46 (full 7):
 garbage-first heap   total 327680K, used 271553K [0x0000000701e00000, 0x0000000800000000)
  region size 2048K, 88 young (180224K), 0 survivors (0K)
 Metaspace       used 100475K, committed 101632K, reserved 1179648K
  class space    used 14045K, committed 14528K, reserved 1048576K
}
Event: 102.593 GC heap after
{Heap after GC invocations=47 (full 7):
 garbage-first heap   total 327680K, used 97473K [0x0000000701e00000, 0x0000000800000000)
  region size 2048K, 3 young (6144K), 3 survivors (6144K)
 Metaspace       used 100475K, committed 101632K, reserved 1179648K
  class space    used 14045K, committed 14528K, reserved 1048576K
}
Event: 102.699 GC heap before
{Heap before GC invocations=47 (full 7):
 garbage-first heap   total 327680K, used 101569K [0x0000000701e00000, 0x0000000800000000)
  region size 2048K, 6 young (12288K), 3 survivors (6144K)
 Metaspace       used 100536K, committed 101696K, reserved 1179648K
  class space    used 14055K, committed 14592K, reserved 1048576K
}
Event: 102.795 GC heap after
{Heap after GC invocations=48 (full 8):
 garbage-first heap   total 327680K, used 94177K [0x0000000701e00000, 0x0000000800000000)
  region size 2048K, 0 young (0K), 0 survivors (0K)
 Metaspace       used 100376K, committed 101632K, reserved 1179648K
  class space    used 14044K, committed 14592K, reserved 1048576K
}
Event: 107.156 GC heap before
{Heap before GC invocations=48 (full 8):
 garbage-first heap   total 327680K, used 270305K [0x0000000701e00000, 0x0000000800000000)
  region size 2048K, 86 young (176128K), 0 survivors (0K)
 Metaspace       used 101702K, committed 102976K, reserved 1179648K
  class space    used 14222K, committed 14784K, reserved 1048576K
}
Event: 107.161 GC heap after
{Heap after GC invocations=49 (full 8):
 garbage-first heap   total 327680K, used 100321K [0x0000000701e00000, 0x0000000800000000)
  region size 2048K, 3 young (6144K), 3 survivors (6144K)
 Metaspace       used 101702K, committed 102976K, reserved 1179648K
  class space    used 14222K, committed 14784K, reserved 1048576K
}
Event: 107.331 GC heap before
{Heap before GC invocations=49 (full 8):
 garbage-first heap   total 327680K, used 108513K [0x0000000701e00000, 0x0000000800000000)
  region size 2048K, 8 young (16384K), 3 survivors (6144K)
 Metaspace       used 101728K, committed 102976K, reserved 1179648K
  class space    used 14223K, committed 14784K, reserved 1048576K
}
Event: 107.437 GC heap after
{Heap after GC invocations=50 (full 9):
 garbage-first heap   total 327680K, used 97000K [0x0000000701e00000, 0x0000000800000000)
  region size 2048K, 0 young (0K), 0 survivors (0K)
 Metaspace       used 101568K, committed 102912K, reserved 1179648K
  class space    used 14211K, committed 14784K, reserved 1048576K
}
Event: 132.955 GC heap before
{Heap before GC invocations=50 (full 9):
 garbage-first heap   total 327680K, used 271080K [0x0000000701e00000, 0x0000000800000000)
  region size 2048K, 85 young (174080K), 0 survivors (0K)
 Metaspace       used 102898K, committed 104192K, reserved 1179648K
  class space    used 14389K, committed 14976K, reserved 1048576K
}

